Added Component: Designator=C1(1206_Passive_Capacitor)
Add component (AddParameter): Name = "Datasheet"; Value = "https://datasheet.lcsc.com/lcsc/1810221112_Samsung-Electro-Mechanics-CL31A106KBHNNNE_C13585.pdf"; VariantName = "[No Variations]"
Add component (AddParameter): Name = "LCSC Part#"; Value = "C13585"; VariantName = "[No Variations]"
Add component (AddParameter): Name = "MFR Part #"; Value = "CL31A106KBHNNNE"; VariantName = "[No Variations]"
Add component (AddParameter): Name = "Type"; Value = "Basic"; VariantName = "[No Variations]"
Add component (AddParameter): Name = "Value"; Value = "10uF"; VariantName = "[No Variations]"
Added Component: Designator=C2(1206_Passive_Capacitor)
Add component (AddParameter): Name = "Digikey Link"; Value = "https://www.digikey.com/product-detail/en/C1206C105M4RACTU/399-8150-1-ND/3471873/?itemSeq=304982366"; VariantName = "[No Variations]"
Add component (AddParameter): Name = "LCSC Part#"; Value = "C1848"; VariantName = "[No Variations]"
Add component (AddParameter): Name = "MFR Part #"; Value = "CL31B105KBHNNNE"; VariantName = "[No Variations]"
Add component (AddParameter): Name = "Type"; Value = "Basic"; VariantName = "[No Variations]"
Add component (AddParameter): Name = "Value"; Value = "1uF"; VariantName = "[No Variations]"
Added Component: Designator=C3(1206_Passive_Capacitor)
Add component (AddParameter): Name = "Datasheet"; Value = "https://datasheet.lcsc.com/lcsc/1810221112_Samsung-Electro-Mechanics-CL31A106KBHNNNE_C13585.pdf"; VariantName = "[No Variations]"
Add component (AddParameter): Name = "LCSC Part#"; Value = "C13585"; VariantName = "[No Variations]"
Add component (AddParameter): Name = "MFR Part #"; Value = "CL31A106KBHNNNE"; VariantName = "[No Variations]"
Add component (AddParameter): Name = "Type"; Value = "Basic"; VariantName = "[No Variations]"
Add component (AddParameter): Name = "Value"; Value = "10uF"; VariantName = "[No Variations]"
Added Component: Designator=C3V3(1206_Passive_Capacitor)
Add component (AddParameter): Name = "Datasheet"; Value = "https://datasheet.lcsc.com/lcsc/1811031514_Samsung-Electro-Mechanics-CL31A226KAHNNNE_C12891.pdf"; VariantName = "[No Variations]"
Add component (AddParameter): Name = "LCSC Part#"; Value = "C12891"; VariantName = "[No Variations]"
Add component (AddParameter): Name = "MFR Part #"; Value = "CL31A226KAHNNNE"; VariantName = "[No Variations]"
Add component (AddParameter): Name = "Type"; Value = "basic"; VariantName = "[No Variations]"
Add component (AddParameter): Name = "Value"; Value = "22uF"; VariantName = "[No Variations]"
Added Component: Designator=C4(1206_Passive_Capacitor)
Add component (AddParameter): Name = "Datasheet"; Value = "https://datasheet.lcsc.com/lcsc/1810221112_Samsung-Electro-Mechanics-CL31A106KBHNNNE_C13585.pdf"; VariantName = "[No Variations]"
Add component (AddParameter): Name = "LCSC Part#"; Value = "C13585"; VariantName = "[No Variations]"
Add component (AddParameter): Name = "MFR Part #"; Value = "CL31A106KBHNNNE"; VariantName = "[No Variations]"
Add component (AddParameter): Name = "Type"; Value = "Basic"; VariantName = "[No Variations]"
Add component (AddParameter): Name = "Value"; Value = "10uF"; VariantName = "[No Variations]"
Added Component: Designator=CS(1206_Passive_Capacitor)
Add component (AddParameter): Name = "Datasheet"; Value = "https://datasheet.lcsc.com/lcsc/1810221112_Samsung-Electro-Mechanics-CL31A106KBHNNNE_C13585.pdf"; VariantName = "[No Variations]"
Add component (AddParameter): Name = "LCSC Part#"; Value = "C13585"; VariantName = "[No Variations]"
Add component (AddParameter): Name = "MFR Part #"; Value = "CL31A106KBHNNNE"; VariantName = "[No Variations]"
Add component (AddParameter): Name = "Type"; Value = "Basic"; VariantName = "[No Variations]"
Add component (AddParameter): Name = "Value"; Value = "10uF"; VariantName = "[No Variations]"
Added Component: Designator=D1(LED_1206)
Add component (AddParameter): Name = "Datasheet"; Value = "https://datasheet.lcsc.com/szlcsc/1811151241_Everlight-Elec-15-21-R6C-FQ1R1B-2T_C93133.pdf"; VariantName = "[No Variations]"
Add component (AddParameter): Name = "LCSC Part#"; Value = "C93133"; VariantName = "[No Variations]"
Add component (AddParameter): Name = "MFR Part #"; Value = "15-21/R6C-FQ1R1B/2T"; VariantName = "[No Variations]"
Add component (AddParameter): Name = "Type"; Value = "Extended"; VariantName = "[No Variations]"
Add component (AddParameter): Name = "Value"; Value = "Red"; VariantName = "[No Variations]"
Added Component: Designator=D2(LED_1206)
Add component (AddParameter): Name = "Datasheet"; Value = "https://datasheet.lcsc.com/szlcsc/1811151241_Everlight-Elec-15-21-R6C-FQ1R1B-2T_C93133.pdf"; VariantName = "[No Variations]"
Add component (AddParameter): Name = "LCSC Part#"; Value = "C93133"; VariantName = "[No Variations]"
Add component (AddParameter): Name = "MFR Part #"; Value = "15-21/R6C-FQ1R1B/2T"; VariantName = "[No Variations]"
Add component (AddParameter): Name = "Type"; Value = "Extended"; VariantName = "[No Variations]"
Add component (AddParameter): Name = "Value"; Value = "Red"; VariantName = "[No Variations]"
Added Component: Designator=D3(LED_1206)
Add component (AddParameter): Name = "Datasheet"; Value = "https://datasheet.lcsc.com/szlcsc/1811151241_Everlight-Elec-15-21-R6C-FQ1R1B-2T_C93133.pdf"; VariantName = "[No Variations]"
Add component (AddParameter): Name = "LCSC Part#"; Value = "C93133"; VariantName = "[No Variations]"
Add component (AddParameter): Name = "MFR Part #"; Value = "15-21/R6C-FQ1R1B/2T"; VariantName = "[No Variations]"
Add component (AddParameter): Name = "Type"; Value = "Extended"; VariantName = "[No Variations]"
Add component (AddParameter): Name = "Value"; Value = "Red"; VariantName = "[No Variations]"
Added Component: Designator=D3V3(LED_1206)
Add component (AddParameter): Name = "Datasheet"; Value = "https://datasheet.lcsc.com/szlcsc/1811151241_Everlight-Elec-15-21-R6C-FQ1R1B-2T_C93133.pdf"; VariantName = "[No Variations]"
Add component (AddParameter): Name = "LCSC Part#"; Value = "C93133"; VariantName = "[No Variations]"
Add component (AddParameter): Name = "MFR Part #"; Value = "15-21/R6C-FQ1R1B/2T"; VariantName = "[No Variations]"
Add component (AddParameter): Name = "Type"; Value = "Extended"; VariantName = "[No Variations]"
Add component (AddParameter): Name = "Value"; Value = "Red"; VariantName = "[No Variations]"
Added Component: Designator=D4(LED_1206)
Add component (AddParameter): Name = "Datasheet"; Value = "https://datasheet.lcsc.com/szlcsc/1811151241_Everlight-Elec-15-21-R6C-FQ1R1B-2T_C93133.pdf"; VariantName = "[No Variations]"
Add component (AddParameter): Name = "LCSC Part#"; Value = "C93133"; VariantName = "[No Variations]"
Add component (AddParameter): Name = "MFR Part #"; Value = "15-21/R6C-FQ1R1B/2T"; VariantName = "[No Variations]"
Add component (AddParameter): Name = "Type"; Value = "Extended"; VariantName = "[No Variations]"
Add component (AddParameter): Name = "Value"; Value = "Red"; VariantName = "[No Variations]"
Added Component: Designator=D5(LED_1206)
Add component (AddParameter): Name = "Datasheet"; Value = "https://datasheet.lcsc.com/szlcsc/1811151241_Everlight-Elec-15-21-R6C-FQ1R1B-2T_C93133.pdf"; VariantName = "[No Variations]"
Add component (AddParameter): Name = "LCSC Part#"; Value = "C93133"; VariantName = "[No Variations]"
Add component (AddParameter): Name = "MFR Part #"; Value = "15-21/R6C-FQ1R1B/2T"; VariantName = "[No Variations]"
Add component (AddParameter): Name = "Type"; Value = "Extended"; VariantName = "[No Variations]"
Add component (AddParameter): Name = "Value"; Value = "Red"; VariantName = "[No Variations]"
Added Component: Designator=D6(LED_1206)
Add component (AddParameter): Name = "Datasheet"; Value = "https://datasheet.lcsc.com/szlcsc/1811151241_Everlight-Elec-15-21-R6C-FQ1R1B-2T_C93133.pdf"; VariantName = "[No Variations]"
Add component (AddParameter): Name = "LCSC Part#"; Value = "C93133"; VariantName = "[No Variations]"
Add component (AddParameter): Name = "MFR Part #"; Value = "15-21/R6C-FQ1R1B/2T"; VariantName = "[No Variations]"
Add component (AddParameter): Name = "Type"; Value = "Extended"; VariantName = "[No Variations]"
Add component (AddParameter): Name = "Value"; Value = "Red"; VariantName = "[No Variations]"
Added Component: Designator=DS(LED_1206)
Add component (AddParameter): Name = "Datasheet"; Value = "https://datasheet.lcsc.com/szlcsc/1811151241_Everlight-Elec-15-21-R6C-FQ1R1B-2T_C93133.pdf"; VariantName = "[No Variations]"
Add component (AddParameter): Name = "LCSC Part#"; Value = "C93133"; VariantName = "[No Variations]"
Add component (AddParameter): Name = "MFR Part #"; Value = "15-21/R6C-FQ1R1B/2T"; VariantName = "[No Variations]"
Add component (AddParameter): Name = "Type"; Value = "Extended"; VariantName = "[No Variations]"
Add component (AddParameter): Name = "Value"; Value = "Red"; VariantName = "[No Variations]"
Added Component: Designator=P1(Power_Jack)
Add component (AddParameter): Name = "Digikey Link"; Value = "https://www.digikey.com/product-detail/en/PJ-102A/CP-102A-ND/275425/?itemSeq=304982367"; VariantName = "[No Variations]"
Add component (AddParameter): Name = "LCSC Part#"; Value = "C136744"; VariantName = "[No Variations]"
Add component (AddParameter): Name = "MFR Part #"; Value = "PJ-102A"; VariantName = "[No Variations]"
Add component (AddParameter): Name = "Type"; Value = "Extended"; VariantName = "[No Variations]"
Add component (AddParameter): Name = "Value"; Value = "CONN PWR JACK 2X5.5MM SOLDER"; VariantName = "[No Variations]"
Added Component: Designator=PS1(LDO)
Add component (AddParameter): Name = "LCSC Part#"; Value = "C6186"; VariantName = "[No Variations]"
Add component (AddParameter): Name = "MFR Part #"; Value = "AMS1117-3.3"; VariantName = "[No Variations]"
Add component (AddParameter): Name = "Type"; Value = "Basic"; VariantName = "[No Variations]"
Add component (AddParameter): Name = "Value"; Value = "IC REG LINEAR 3.3V 800MA SOT223"; VariantName = "[No Variations]"
Added Component: Designator=R1(1206_Passive_Resitor)
Add component (AddParameter): Name = "Datasheet"; Value = "https://datasheet.lcsc.com/lcsc/1811101020_UNI-ROYAL-Uniroyal-Elec-1206W4J0470T5E_C25384.pdf"; VariantName = "[No Variations]"
Add component (AddParameter): Name = "LCSC Part#"; Value = "C25384"; VariantName = "[No Variations]"
Add component (AddParameter): Name = "MFR Part #"; Value = "1206W4J0470T5E"; VariantName = "[No Variations]"
Add component (AddParameter): Name = "Type"; Value = "Extended"; VariantName = "[No Variations]"
Add component (AddParameter): Name = "Value"; Value = "47Ohm"; VariantName = "[No Variations]"
Added Component: Designator=R2(1206_Passive_Resitor)
Add component (AddParameter): Name = "Datasheet"; Value = "https://datasheet.lcsc.com/lcsc/1811101020_UNI-ROYAL-Uniroyal-Elec-1206W4J0470T5E_C25384.pdf"; VariantName = "[No Variations]"
Add component (AddParameter): Name = "LCSC Part#"; Value = "C25384"; VariantName = "[No Variations]"
Add component (AddParameter): Name = "MFR Part #"; Value = "1206W4J0470T5E"; VariantName = "[No Variations]"
Add component (AddParameter): Name = "Type"; Value = "Extended"; VariantName = "[No Variations]"
Add component (AddParameter): Name = "Value"; Value = "47Ohm"; VariantName = "[No Variations]"
Added Component: Designator=R3(1206_Passive_Resitor)
Add component (AddParameter): Name = "Datasheet"; Value = "https://datasheet.lcsc.com/lcsc/1811101020_UNI-ROYAL-Uniroyal-Elec-1206W4J0470T5E_C25384.pdf"; VariantName = "[No Variations]"
Add component (AddParameter): Name = "LCSC Part#"; Value = "C25384"; VariantName = "[No Variations]"
Add component (AddParameter): Name = "MFR Part #"; Value = "1206W4J0470T5E"; VariantName = "[No Variations]"
Add component (AddParameter): Name = "Type"; Value = "Extended"; VariantName = "[No Variations]"
Add component (AddParameter): Name = "Value"; Value = "47Ohm"; VariantName = "[No Variations]"
Added Component: Designator=R3V3(1206_Passive_Resitor)
Add component (AddParameter): Name = "Digikey Link"; Value = "https://www.digikey.com/product-detail/en/RNCP1206FTD1K00/RNCP1206FTD1K00CT-ND/2240675/?itemSeq=304982373"; VariantName = "[No Variations]"
Add component (AddParameter): Name = "LCSC Part#"; Value = "C4410"; VariantName = "[No Variations]"
Add component (AddParameter): Name = "MFR Part #"; Value = "RNCP1206FTD1K00CT"; VariantName = "[No Variations]"
Add component (AddParameter): Name = "Type"; Value = "Basic"; VariantName = "[No Variations]"
Add component (AddParameter): Name = "Value"; Value = "1K Ohm"; VariantName = "[No Variations]"
Added Component: Designator=R4(1206_Passive_Resitor)
Add component (AddParameter): Name = "Datasheet"; Value = "https://datasheet.lcsc.com/lcsc/1811101020_UNI-ROYAL-Uniroyal-Elec-1206W4J0470T5E_C25384.pdf"; VariantName = "[No Variations]"
Add component (AddParameter): Name = "LCSC Part#"; Value = "C25384"; VariantName = "[No Variations]"
Add component (AddParameter): Name = "MFR Part #"; Value = "1206W4J0470T5E"; VariantName = "[No Variations]"
Add component (AddParameter): Name = "Type"; Value = "Extended"; VariantName = "[No Variations]"
Add component (AddParameter): Name = "Value"; Value = "47Ohm"; VariantName = "[No Variations]"
Added Component: Designator=R5(1206_Passive_Resitor)
Add component (AddParameter): Name = "Datasheet"; Value = "https://datasheet.lcsc.com/lcsc/1811101020_UNI-ROYAL-Uniroyal-Elec-1206W4J0470T5E_C25384.pdf"; VariantName = "[No Variations]"
Add component (AddParameter): Name = "LCSC Part#"; Value = "C25384"; VariantName = "[No Variations]"
Add component (AddParameter): Name = "MFR Part #"; Value = "1206W4J0470T5E"; VariantName = "[No Variations]"
Add component (AddParameter): Name = "Type"; Value = "Extended"; VariantName = "[No Variations]"
Add component (AddParameter): Name = "Value"; Value = "47Ohm"; VariantName = "[No Variations]"
Added Component: Designator=R6(1206_Passive_Resitor)
Add component (AddParameter): Name = "Datasheet"; Value = "https://datasheet.lcsc.com/lcsc/1811101020_UNI-ROYAL-Uniroyal-Elec-1206W4J0470T5E_C25384.pdf"; VariantName = "[No Variations]"
Add component (AddParameter): Name = "LCSC Part#"; Value = "C25384"; VariantName = "[No Variations]"
Add component (AddParameter): Name = "MFR Part #"; Value = "1206W4J0470T5E"; VariantName = "[No Variations]"
Add component (AddParameter): Name = "Type"; Value = "Extended"; VariantName = "[No Variations]"
Add component (AddParameter): Name = "Value"; Value = "47Ohm"; VariantName = "[No Variations]"
Added Component: Designator=RA(1206_Passive_Resitor)
Add component (AddParameter): Name = "Datasheet"; Value = "https://datasheet.lcsc.com/szlcsc/Uniroyal-Elec-1206W4F3000T5E_C17887.pdf"; VariantName = "[No Variations]"
Add component (AddParameter): Name = "LCSC Part#"; Value = "C17887"; VariantName = "[No Variations]"
Add component (AddParameter): Name = "MFR Part #"; Value = "1206W4F3000T5E"; VariantName = "[No Variations]"
Add component (AddParameter): Name = "Type"; Value = "Basic"; VariantName = "[No Variations]"
Add component (AddParameter): Name = "Value"; Value = "300Ohm"; VariantName = "[No Variations]"
Added Component: Designator=RBD(1206_Passive_Resitor)
Add component (AddParameter): Name = "Digikey Link"; Value = "https://www.digikey.com/en/products/detail/stackpole-electronics-inc/RMCF1206FT10K0/1759669"; VariantName = "[No Variations]"
Add component (AddParameter): Name = "LCSC Part#"; Value = "C17902"; VariantName = "[No Variations]"
Add component (AddParameter): Name = "MFR Part #"; Value = "RMCF1206FT10K0"; VariantName = "[No Variations]"
Add component (AddParameter): Name = "Type"; Value = "Basic"; VariantName = "[No Variations]"
Add component (AddParameter): Name = "Value"; Value = "10KOhm"; VariantName = "[No Variations]"
Added Component: Designator=RB(1206_Passive_Resitor)
Add component (AddParameter): Name = "Digikey Link"; Value = "https://www.digikey.com/product-detail/en/RNCP1206FTD1K00/RNCP1206FTD1K00CT-ND/2240675/?itemSeq=304982373"; VariantName = "[No Variations]"
Add component (AddParameter): Name = "LCSC Part#"; Value = "C4410"; VariantName = "[No Variations]"
Add component (AddParameter): Name = "MFR Part #"; Value = "RNCP1206FTD1K00CT"; VariantName = "[No Variations]"
Add component (AddParameter): Name = "Type"; Value = "Basic"; VariantName = "[No Variations]"
Add component (AddParameter): Name = "Value"; Value = "1K Ohm"; VariantName = "[No Variations]"
Added Component: Designator=RGD(1206_Passive_Resitor)
Add component (AddParameter): Name = "Digikey Link"; Value = "https://www.digikey.com/en/products/detail/stackpole-electronics-inc/RMCF1206FT10K0/1759669"; VariantName = "[No Variations]"
Add component (AddParameter): Name = "LCSC Part#"; Value = "C17902"; VariantName = "[No Variations]"
Add component (AddParameter): Name = "MFR Part #"; Value = "RMCF1206FT10K0"; VariantName = "[No Variations]"
Add component (AddParameter): Name = "Type"; Value = "Basic"; VariantName = "[No Variations]"
Add component (AddParameter): Name = "Value"; Value = "10KOhm"; VariantName = "[No Variations]"
Added Component: Designator=RS(1206_Passive_Resitor)
Add component (AddParameter): Name = "Digikey Link"; Value = "https://www.digikey.com/product-detail/en/RNCP1206FTD1K00/RNCP1206FTD1K00CT-ND/2240675/?itemSeq=304982373"; VariantName = "[No Variations]"
Add component (AddParameter): Name = "LCSC Part#"; Value = "C4410"; VariantName = "[No Variations]"
Add component (AddParameter): Name = "MFR Part #"; Value = "RNCP1206FTD1K00CT"; VariantName = "[No Variations]"
Add component (AddParameter): Name = "Type"; Value = "Basic"; VariantName = "[No Variations]"
Add component (AddParameter): Name = "Value"; Value = "1K Ohm"; VariantName = "[No Variations]"
Added Component: Designator=SW3V3_F(2Pin-Header-Conn)
Add component (AddParameter): Name = "LCSC Part#"; Value = "C124375"; VariantName = "[No Variations]"
Add component (AddParameter): Name = "Type"; Value = "Extended"; VariantName = "[No Variations]"
Added Component: Designator=SW555(2Pin-Header-Conn)
Add component (AddParameter): Name = "LCSC Part#"; Value = "C124375"; VariantName = "[No Variations]"
Add component (AddParameter): Name = "Type"; Value = "Extended"; VariantName = "[No Variations]"
Added Component: Designator=SWBD(2Pin-Header-Conn)
Add component (AddParameter): Name = "LCSC Part#"; Value = "C124375"; VariantName = "[No Variations]"
Add component (AddParameter): Name = "Type"; Value = "Extended"; VariantName = "[No Variations]"
Added Component: Designator=SWGD(2Pin-Header-Conn)
Add component (AddParameter): Name = "LCSC Part#"; Value = "C124375"; VariantName = "[No Variations]"
Add component (AddParameter): Name = "Type"; Value = "Extended"; VariantName = "[No Variations]"
Added Component: Designator=SWPWR_out(2Pin-Header-Conn)
Add component (AddParameter): Name = "LCSC Part#"; Value = "C124375"; VariantName = "[No Variations]"
Add component (AddParameter): Name = "Type"; Value = "Extended"; VariantName = "[No Variations]"
Added Component: Designator=SWPWR(3_PIN_100mil)
Add component (AddParameter): Name = "Digikey Link"; Value = "https://www.digikey.com/product-detail/en/PREC003SAAN-RC/S1012EC-03-ND/2774851/?itemSeq=304982371"; VariantName = "[No Variations]"
Add component (AddParameter): Name = "LCSC Part#"; Value = "C49257"; VariantName = "[No Variations]"
Add component (AddParameter): Name = "MFR Part #"; Value = "PREC003SAAN-RC"; VariantName = "[No Variations]"
Add component (AddParameter): Name = "Type"; Value = "Extended"; VariantName = "[No Variations]"
Add component (AddParameter): Name = "Value"; Value = "CONN HEADER VERT 3POS 2.54MM"; VariantName = "[No Variations]"
Added Component: Designator=TP3V3(TP10x_Probe)
Added Component: Designator=TP5V(TP10x_Probe)
Added Component: Designator=TP555(TP10x_Probe)
Added Component: Designator=TPBD_50(TP10x_Probe)
Added Component: Designator=TPBD_QH(TP10x_Probe)
Added Component: Designator=TPBD_QL(TP10x_Probe)
Added Component: Designator=TPBD_ST(TP10x_Probe)
Added Component: Designator=TPGD_50(TP10x_Probe)
Added Component: Designator=TPGD_QH(TP10x_Probe)
Added Component: Designator=TPGD_QL(TP10x_Probe)
Added Component: Designator=TPGD_ST(TP10x_Probe)
Added Component: Designator=U1(TS555IDTTR)
Add component (AddParameter): Name = "DigiKey link"; Value = "https://www.digikey.com/product-detail/en/texas-instruments/LMC555CMX-NOPB/LMC555CMX-NOPBCT-ND/1010550"; VariantName = "[No Variations]"
Add component (AddParameter): Name = "LCSC Part#"; Value = "C90760"; VariantName = "[No Variations]"
Add component (AddParameter): Name = "MFR Part #"; Value = "LMC555CMX/NOPB"; VariantName = "[No Variations]"
Add component (AddParameter): Name = "Package"; Value = "SOIC-8"; VariantName = "[No Variations]"
Add component (AddParameter): Name = "Type"; Value = "Extended"; VariantName = "[No Variations]"
Added Component: Designator=U2(HEX_74AC14)
Add component (AddParameter): Name = "Datasheet"; Value = "https://datasheet.lcsc.com/szlcsc/ON-Semicon-ON-74AC14SCX_C5482.pdf"; VariantName = "[No Variations]"
Add component (AddParameter): Name = "LCSC Part#"; Value = "C6942"; VariantName = "[No Variations]"
Add component (AddParameter): Name = "MFR Part #"; Value = "SN74AHC14DR"; VariantName = "[No Variations]"
Add component (AddParameter): Name = "Type"; Value = "Extended"; VariantName = "[No Variations]"
Added Component: Designator=U3(HEX_74AC14)
Add component (AddParameter): Name = "Datasheet"; Value = "https://datasheet.lcsc.com/szlcsc/ON-Semicon-ON-74AC14SCX_C5482.pdf"; VariantName = "[No Variations]"
Add component (AddParameter): Name = "LCSC Part#"; Value = "C6942"; VariantName = "[No Variations]"
Add component (AddParameter): Name = "MFR Part #"; Value = "SN74AHC14DR"; VariantName = "[No Variations]"
Add component (AddParameter): Name = "Type"; Value = "Extended"; VariantName = "[No Variations]"
Added Pin To Net: NetName=GND Pin=C1-1
Added Pin To Net: NetName=NetC1_2 Pin=C1-2
Added Pin To Net: NetName=GND Pin=C2-1
Added Pin To Net: NetName=NetC2_2 Pin=C2-2
Added Pin To Net: NetName=NetC3_1 Pin=C3-1
Added Pin To Net: NetName=NetC3_2 Pin=C3-2
Added Pin To Net: NetName=GND Pin=C3V3-1
Added Pin To Net: NetName=NetC3V3_2 Pin=C3V3-2
Added Pin To Net: NetName=NetC4_1 Pin=C4-1
Added Pin To Net: NetName=NetC4_2 Pin=C4-2
Added Pin To Net: NetName=GND Pin=CS-1
Added Pin To Net: NetName=+5 Pin=CS-2
Added Pin To Net: NetName=NetD1_1 Pin=D1-1
Added Pin To Net: NetName=NetD1_2 Pin=D1-2
Added Pin To Net: NetName=NetD2_1 Pin=D2-1
Added Pin To Net: NetName=NetD2_2 Pin=D2-2
Added Pin To Net: NetName=NetD3_1 Pin=D3-1
Added Pin To Net: NetName=NetD3_2 Pin=D3-2
Added Pin To Net: NetName=NetD3V3_1 Pin=D3V3-1
Added Pin To Net: NetName=NetD3V3_2 Pin=D3V3-2
Added Pin To Net: NetName=NetD4_1 Pin=D4-1
Added Pin To Net: NetName=NetD4_2 Pin=D4-2
Added Pin To Net: NetName=NetD5_1 Pin=D5-1
Added Pin To Net: NetName=NetD5_2 Pin=D5-2
Added Pin To Net: NetName=NetD6_1 Pin=D6-1
Added Pin To Net: NetName=NetD6_2 Pin=D6-2
Added Pin To Net: NetName=+5 Pin=DS-1
Added Pin To Net: NetName=NetDS_2 Pin=DS-2
Added Pin To Net: NetName=+5 Pin=P1-1
Added Pin To Net: NetName=GND Pin=P1-2
Added Pin To Net: NetName=GND Pin=P1-3
Added Pin To Net: NetName=GND Pin=PS1-1
Added Pin To Net: NetName=NetD3V3_1 Pin=PS1-2
Added Pin To Net: NetName=+5 Pin=PS1-3
Added Pin To Net: NetName=NetD3V3_1 Pin=PS1-4
Added Pin To Net: NetName=GND Pin=R1-1
Added Pin To Net: NetName=NetD1_2 Pin=R1-2
Added Pin To Net: NetName=GND Pin=R2-1
Added Pin To Net: NetName=NetD2_2 Pin=R2-2
Added Pin To Net: NetName=GND Pin=R3-1
Added Pin To Net: NetName=NetD3_2 Pin=R3-2
Added Pin To Net: NetName=GND Pin=R3V3-1
Added Pin To Net: NetName=NetD3V3_2 Pin=R3V3-2
Added Pin To Net: NetName=GND Pin=R4-1
Added Pin To Net: NetName=NetD4_2 Pin=R4-2
Added Pin To Net: NetName=GND Pin=R5-1
Added Pin To Net: NetName=NetD5_2 Pin=R5-2
Added Pin To Net: NetName=GND Pin=R6-1
Added Pin To Net: NetName=NetD6_2 Pin=R6-2
Added Pin To Net: NetName=NetRA_1 Pin=RA-1
Added Pin To Net: NetName=NetC1_2 Pin=RA-2
Added Pin To Net: NetName=NetC2_2 Pin=RB-1
Added Pin To Net: NetName=NetRA_1 Pin=RB-2
Added Pin To Net: NetName=NetRBD_1 Pin=RBD-1
Added Pin To Net: NetName=NetC4_2 Pin=RBD-2
Added Pin To Net: NetName=NetRBD_1 Pin=RGD-1
Added Pin To Net: NetName=NetC3_2 Pin=RGD-2
Added Pin To Net: NetName=GND Pin=RS-1
Added Pin To Net: NetName=NetDS_2 Pin=RS-2
Added Pin To Net: NetName=NetD3V3_1 Pin=SW3V3_F-1
Added Pin To Net: NetName=NetC3V3_2 Pin=SW3V3_F-2
Added Pin To Net: NetName=NetSW555_1 Pin=SW555-1
Added Pin To Net: NetName=NetRBD_1 Pin=SW555-2
Added Pin To Net: NetName=NetC1_2 Pin=SWBD-1
Added Pin To Net: NetName=NetC4_2 Pin=SWBD-2
Added Pin To Net: NetName=NetC1_2 Pin=SWGD-1
Added Pin To Net: NetName=NetC3_2 Pin=SWGD-2
Added Pin To Net: NetName=+5 Pin=SWPWR-1
Added Pin To Net: NetName=NetSWPWR_2 Pin=SWPWR-2
Added Pin To Net: NetName=NetD3V3_1 Pin=SWPWR-3
Added Pin To Net: NetName=NetSWPWR_2 Pin=SWPWR_out-1
Added Pin To Net: NetName=NetC1_2 Pin=SWPWR_out-2
Added Pin To Net: NetName=NetD3V3_1 Pin=TP3V3-1
Added Pin To Net: NetName=GND Pin=TP3V3-2
Added Pin To Net: NetName=GND Pin=TP3V3-2
Added Pin To Net: NetName=GND Pin=TP3V3-2
Added Pin To Net: NetName=+5 Pin=TP5V-1
Added Pin To Net: NetName=GND Pin=TP5V-2
Added Pin To Net: NetName=GND Pin=TP5V-2
Added Pin To Net: NetName=GND Pin=TP5V-2
Added Pin To Net: NetName=NetSW555_1 Pin=TP555-1
Added Pin To Net: NetName=GND Pin=TP555-2
Added Pin To Net: NetName=GND Pin=TP555-2
Added Pin To Net: NetName=GND Pin=TP555-2
Added Pin To Net: NetName=NetD4_2 Pin=TPBD_50-1
Added Pin To Net: NetName=GND Pin=TPBD_50-2
Added Pin To Net: NetName=GND Pin=TPBD_50-2
Added Pin To Net: NetName=GND Pin=TPBD_50-2
Added Pin To Net: NetName=NetTPBD_QH_1 Pin=TPBD_QH-1
Added Pin To Net: NetName=GND Pin=TPBD_QH-2
Added Pin To Net: NetName=GND Pin=TPBD_QH-2
Added Pin To Net: NetName=GND Pin=TPBD_QH-2
Added Pin To Net: NetName=NetTPBD_QL_1 Pin=TPBD_QL-1
Added Pin To Net: NetName=GND Pin=TPBD_QL-2
Added Pin To Net: NetName=GND Pin=TPBD_QL-2
Added Pin To Net: NetName=GND Pin=TPBD_QL-2
Added Pin To Net: NetName=NetTPBD_ST_1 Pin=TPBD_ST-1
Added Pin To Net: NetName=GND Pin=TPBD_ST-2
Added Pin To Net: NetName=GND Pin=TPBD_ST-2
Added Pin To Net: NetName=GND Pin=TPBD_ST-2
Added Pin To Net: NetName=NetD1_2 Pin=TPGD_50-1
Added Pin To Net: NetName=GND Pin=TPGD_50-2
Added Pin To Net: NetName=GND Pin=TPGD_50-2
Added Pin To Net: NetName=GND Pin=TPGD_50-2
Added Pin To Net: NetName=NetTPGD_QH_1 Pin=TPGD_QH-1
Added Pin To Net: NetName=GND Pin=TPGD_QH-2
Added Pin To Net: NetName=GND Pin=TPGD_QH-2
Added Pin To Net: NetName=GND Pin=TPGD_QH-2
Added Pin To Net: NetName=NetTPGD_QL_1 Pin=TPGD_QL-1
Added Pin To Net: NetName=GND Pin=TPGD_QL-2
Added Pin To Net: NetName=GND Pin=TPGD_QL-2
Added Pin To Net: NetName=GND Pin=TPGD_QL-2
Added Pin To Net: NetName=NetTPGD_ST_1 Pin=TPGD_ST-1
Added Pin To Net: NetName=GND Pin=TPGD_ST-2
Added Pin To Net: NetName=GND Pin=TPGD_ST-2
Added Pin To Net: NetName=GND Pin=TPGD_ST-2
Added Pin To Net: NetName=GND Pin=U1-1
Added Pin To Net: NetName=NetC2_2 Pin=U1-2
Added Pin To Net: NetName=NetSW555_1 Pin=U1-3
Added Pin To Net: NetName=NetC1_2 Pin=U1-4
Added Pin To Net: NetName=NetC2_2 Pin=U1-6
Added Pin To Net: NetName=NetRA_1 Pin=U1-7
Added Pin To Net: NetName=NetC1_2 Pin=U1-8
Added Pin To Net: NetName=NetRBD_1 Pin=U2-1
Added Pin To Net: NetName=NetD1_1 Pin=U2-2
Added Pin To Net: NetName=NetRBD_1 Pin=U2-3
Added Pin To Net: NetName=NetD2_1 Pin=U2-4
Added Pin To Net: NetName=NetRBD_1 Pin=U2-5
Added Pin To Net: NetName=NetD3_1 Pin=U2-6
Added Pin To Net: NetName=GND Pin=U2-7
Added Pin To Net: NetName=NetTPGD_ST_1 Pin=U2-8
Added Pin To Net: NetName=NetRBD_1 Pin=U2-9
Added Pin To Net: NetName=NetTPGD_QL_1 Pin=U2-10
Added Pin To Net: NetName=NetC3_2 Pin=U2-11
Added Pin To Net: NetName=NetTPGD_QH_1 Pin=U2-12
Added Pin To Net: NetName=GND Pin=U2-13
Added Pin To Net: NetName=NetC3_1 Pin=U2-14
Added Pin To Net: NetName=NetRBD_1 Pin=U3-1
Added Pin To Net: NetName=NetD4_1 Pin=U3-2
Added Pin To Net: NetName=NetRBD_1 Pin=U3-3
Added Pin To Net: NetName=NetD5_1 Pin=U3-4
Added Pin To Net: NetName=NetRBD_1 Pin=U3-5
Added Pin To Net: NetName=NetD6_1 Pin=U3-6
Added Pin To Net: NetName=GND Pin=U3-7
Added Pin To Net: NetName=NetTPBD_ST_1 Pin=U3-8
Added Pin To Net: NetName=NetRBD_1 Pin=U3-9
Added Pin To Net: NetName=NetTPBD_QL_1 Pin=U3-10
Added Pin To Net: NetName=NetC4_2 Pin=U3-11
Added Pin To Net: NetName=NetTPBD_QH_1 Pin=U3-12
Added Pin To Net: NetName=GND Pin=U3-13
Added Pin To Net: NetName=NetC4_1 Pin=U3-14
Added Member To Class: ClassName=Power-555 Member=Component C1 10uF
Added Member To Class: ClassName=Power-555 Member=Component C2 1uF
Added Member To Class: ClassName=Hex-Inverter1 Member=Component C3 10uF
Added Member To Class: ClassName=Power-555 Member=Component C3V3 22uF
Added Member To Class: ClassName=Hex-Inverter2 Member=Component C4 10uF
Added Member To Class: ClassName=Power-555 Member=Component CS 10uF
Added Member To Class: ClassName=Hex-Inverter1 Member=Component D1 Red
Added Member To Class: ClassName=Hex-Inverter1 Member=Component D2 Red
Added Member To Class: ClassName=Hex-Inverter1 Member=Component D3 Red
Added Member To Class: ClassName=Power-555 Member=Component D3V3 Red
Added Member To Class: ClassName=Hex-Inverter2 Member=Component D4 Red
Added Member To Class: ClassName=Hex-Inverter2 Member=Component D5 Red
Added Member To Class: ClassName=Hex-Inverter2 Member=Component D6 Red
Added Member To Class: ClassName=Power-555 Member=Component DS Red
Added Member To Class: ClassName=Power-555 Member=Component P1 Power Jack
Added Member To Class: ClassName=Power-555 Member=Component PS1 AMS1117-3.3
Added Member To Class: ClassName=Hex-Inverter1 Member=Component R1 47 Ohms
Added Member To Class: ClassName=Hex-Inverter1 Member=Component R2 47 Ohms
Added Member To Class: ClassName=Hex-Inverter1 Member=Component R3 47 Ohms
Added Member To Class: ClassName=Power-555 Member=Component R3V3 1k
Added Member To Class: ClassName=Hex-Inverter2 Member=Component R4 47 Ohms
Added Member To Class: ClassName=Hex-Inverter2 Member=Component R5 47 Ohms
Added Member To Class: ClassName=Hex-Inverter2 Member=Component R6 47 Ohms
Added Member To Class: ClassName=Power-555 Member=Component RA 300 Ohm
Added Member To Class: ClassName=Hex-Inverter2 Member=Component RBD 10k
Added Member To Class: ClassName=Power-555 Member=Component RB 1k
Added Member To Class: ClassName=Hex-Inverter1 Member=Component RGD 10k
Added Member To Class: ClassName=Power-555 Member=Component RS 1k
Added Member To Class: ClassName=Power-555 Member=Component SW3V3_F SW_2Pin_100mil_Switch
Added Member To Class: ClassName=Power-555 Member=Component SW555 SW_2Pin_100mil_Switch
Added Member To Class: ClassName=Hex-Inverter2 Member=Component SWBD SW_2Pin_100mil_Switch
Added Member To Class: ClassName=Hex-Inverter1 Member=Component SWGD SW_2Pin_100mil_Switch
Added Member To Class: ClassName=Power-555 Member=Component SWPWR_out SW_2Pin_100mil_Switch
Added Member To Class: ClassName=Power-555 Member=Component SWPWR PREC003SAAN-RC
Added Member To Class: ClassName=Power-555 Member=Component TP3V3 10x Probe TP
Added Member To Class: ClassName=Power-555 Member=Component TP5V 10x Probe TP
Added Member To Class: ClassName=Power-555 Member=Component TP555 10x Probe TP
Added Member To Class: ClassName=Hex-Inverter2 Member=Component TPBD_50 10x Probe TP
Added Member To Class: ClassName=Hex-Inverter2 Member=Component TPBD_QH 10x Probe TP
Added Member To Class: ClassName=Hex-Inverter2 Member=Component TPBD_QL 10x Probe TP
Added Member To Class: ClassName=Hex-Inverter2 Member=Component TPBD_ST 10x Probe TP
Added Member To Class: ClassName=Hex-Inverter1 Member=Component TPGD_50 10x Probe TP
Added Member To Class: ClassName=Hex-Inverter1 Member=Component TPGD_QH 10x Probe TP
Added Member To Class: ClassName=Hex-Inverter1 Member=Component TPGD_QL 10x Probe TP
Added Member To Class: ClassName=Hex-Inverter1 Member=Component TPGD_ST 10x Probe TP
Added Member To Class: ClassName=Power-555 Member=Component U1 LMC555CMX/NOPB
Added Member To Class: ClassName=Hex-Inverter1 Member=Component U2 SN74AHC14DR
Added Member To Class: ClassName=Hex-Inverter2 Member=Component U3 SN74AHC14DR
